Start testing: Jun 03 15:49 CST
----------------------------------------------------------
1/2 Testing: ThreadSafeStackTest.SingleThreadBasic
1/2 Test: ThreadSafeStackTest.SingleThreadBasic
Command: "/home/gew/work/cs-notes/scripts/cpp-concurrency-action/build/test_stack" "--gtest_filter=ThreadSafeStackTest.SingleThreadBasic" "--gtest_also_run_disabled_tests"
Directory: /home/gew/work/cs-notes/scripts/cpp-concurrency-action/build
"ThreadSafeStackTest.SingleThreadBasic" start time: Jun 03 15:49 CST
Output:
----------------------------------------------------------
Running main() from /home/gew/work/cs-notes/scripts/cpp-concurrency-action/build/_deps/googletest-src/googletest/src/gtest_main.cc
Note: Google Test filter = ThreadSafeStackTest.SingleThreadBasic
[==========] Running 1 test from 1 test suite.
[----------] Global test environment set-up.
[----------] 1 test from ThreadSafeStackTest
[ RUN      ] ThreadSafeStackTest.SingleThreadBasic
[       OK ] ThreadSafeStackTest.SingleThreadBasic (0 ms)
[----------] 1 test from ThreadSafeStackTest (0 ms total)

[----------] Global test environment tear-down
[==========] 1 test from 1 test suite ran. (0 ms total)
[  PASSED  ] 1 test.
<end of output>
Test time =   0.00 sec
----------------------------------------------------------
Test Passed.
"ThreadSafeStackTest.SingleThreadBasic" end time: Jun 03 15:49 CST
"ThreadSafeStackTest.SingleThreadBasic" time elapsed: 00:00:00
----------------------------------------------------------

2/2 Testing: ThreadSafeStackTest.ConcurrentPushPop
2/2 Test: ThreadSafeStackTest.ConcurrentPushPop
Command: "/home/gew/work/cs-notes/scripts/cpp-concurrency-action/build/test_stack" "--gtest_filter=ThreadSafeStackTest.ConcurrentPushPop" "--gtest_also_run_disabled_tests"
Directory: /home/gew/work/cs-notes/scripts/cpp-concurrency-action/build
"ThreadSafeStackTest.ConcurrentPushPop" start time: Jun 03 15:49 CST
Output:
----------------------------------------------------------
Running main() from /home/gew/work/cs-notes/scripts/cpp-concurrency-action/build/_deps/googletest-src/googletest/src/gtest_main.cc
Note: Google Test filter = ThreadSafeStackTest.ConcurrentPushPop
[==========] Running 1 test from 1 test suite.
[----------] Global test environment set-up.
[----------] 1 test from ThreadSafeStackTest
[ RUN      ] ThreadSafeStackTest.ConcurrentPushPop
[       OK ] ThreadSafeStackTest.ConcurrentPushPop (7 ms)
[----------] 1 test from ThreadSafeStackTest (7 ms total)

[----------] Global test environment tear-down
[==========] 1 test from 1 test suite ran. (7 ms total)
[  PASSED  ] 1 test.
<end of output>
Test time =   0.01 sec
----------------------------------------------------------
Test Passed.
"ThreadSafeStackTest.ConcurrentPushPop" end time: Jun 03 15:49 CST
"ThreadSafeStackTest.ConcurrentPushPop" time elapsed: 00:00:00
----------------------------------------------------------

End testing: Jun 03 15:49 CST
