<?xml version="1.0" encoding="UTF-8"?>
<Site BuildName="(empty)"
	BuildStamp="20260604-1252-Experimental"
	Name="(empty)"
	Generator="ctest-3.28.3"
	CompilerName=""
	CompilerVersion=""
	OSName="Linux"
	Hostname="u24"
	OSRelease="6.17.0-35-generic"
	OSVersion="#35~24.04.1-Ubuntu SMP PREEMPT_DYNAMIC Tue May 26 19:30:42 UTC 2"
	OSPlatform="x86_64"
	Is64Bits="1"
	VendorString="GenuineIntel"
	VendorID="Intel Corporation"
	FamilyID="6"
	ModelID="186"
	ProcessorCacheSize="18432"
	NumberOfLogicalCPU="16"
	NumberOfPhysicalCPU="12"
	TotalVirtualMemory="9168"
	TotalPhysicalMemory="15713"
	LogicalProcessorsPerPhysical="1"
	ProcessorClockFrequency="2884.79"
	>
	<Testing>
		<StartDateTime>Jun 04 20:52 CST</StartDateTime>
		<StartTestTime>1780577547</StartTestTime>
		<TestList/>
		<EndDateTime>Jun 04 20:52 CST</EndDateTime>
		<EndTestTime>1780577547</EndTestTime>
		<ElapsedMinutes>0</ElapsedMinutes>
	</Testing>
</Site>
